00:11:59: Creating resource group General
00:11:59: Creating resource group Internal
00:11:59: Creating resource group Autodetect
00:11:59: Registering ResourceManager for type Mesh
00:11:59: Registering ResourceManager for type Material
00:11:59: Registering ResourceManager for type Skeleton
00:11:59: XMLMeshSerializer reading mesh data from model.mesh.xml...
00:11:59: Reading geometry...
00:12:00: Geometry done...
00:12:00: Reading submeshes...
00:12:00: Submeshes done.
00:12:00: Reading mesh names...
00:12:00: Mesh names done.
00:12:00: XMLMeshSerializer import successful.
00:12:00: Reorganising vertex buffers to automatic layout...
00:12:00: MeshSerializer writing mesh data to stream ...
00:12:00: File header written.
00:12:00: Writing mesh data...
00:12:00: Writing submesh...
00:12:00: Exporting submesh texture aliases...
00:12:00: Submesh texture aliases exported.
00:12:00: Submesh exported.
00:12:00: Exporting bounds information....
00:12:00: Bounds information exported.
00:12:00: Exporting submesh name table...
00:12:00: Submesh name table exported.
00:12:00: Exporting edge lists...
00:12:00: Edge lists exported
00:12:00: Mesh data exported.
00:12:00: MeshSerializer export successful.
00:12:00: Unregistering ResourceManager for type Skeleton
00:12:00: Unregistering ResourceManager for type Material
00:12:00: Unregistering ResourceManager for type Mesh
